11:06:53.494 [main] ERROR testCases.TC_001_AccountRegistrationTest - test failed..
11:06:53.501 [main] INFO  testCases.TC_001_AccountRegistrationTest - ****************finished  TC_001_AccountRegistrationTest***********
11:06:59.346 [main] INFO  testCases.TC_002_LoginTest - *****starting TC_002_LoginTest******* 
11:07:01.109 [main] INFO  testCases.TC_002_LoginTest - *****finished TC_002_LoginTest******* 
11:36:43.268 [main] INFO  testCases.TC_001_AccountRegistrationTest - ****************starting TC_001_AccountRegistrationTest***********
11:36:43.384 [main] INFO  testCases.TC_001_AccountRegistrationTest - clicked on MyAccount link
11:36:44.986 [main] INFO  testCases.TC_001_AccountRegistrationTest - clicked on registration link
11:36:44.986 [main] INFO  testCases.TC_001_AccountRegistrationTest - entering customer details
11:36:45.746 [main] ERROR testCases.TC_001_AccountRegistrationTest - test failed..
11:36:45.746 [main] INFO  testCases.TC_001_AccountRegistrationTest - ****************finished  TC_001_AccountRegistrationTest***********
11:36:51.484 [main] INFO  testCases.TC_002_LoginTest - *****starting TC_002_LoginTest******* 
11:36:53.624 [main] INFO  testCases.TC_002_LoginTest - *****finished TC_002_LoginTest******* 
11:52:30.185 [main] INFO  testCases.TC_001_AccountRegistrationTest - ****************starting TC_001_AccountRegistrationTest***********
11:52:30.328 [main] INFO  testCases.TC_001_AccountRegistrationTest - clicked on MyAccount link
11:52:31.549 [main] INFO  testCases.TC_001_AccountRegistrationTest - clicked on registration link
11:52:31.549 [main] INFO  testCases.TC_001_AccountRegistrationTest - entering customer details
11:52:32.635 [main] ERROR testCases.TC_001_AccountRegistrationTest - test failed..
11:52:32.635 [main] INFO  testCases.TC_001_AccountRegistrationTest - ****************finished  TC_001_AccountRegistrationTest***********
11:52:38.143 [main] INFO  testCases.TC_002_LoginTest - *****starting TC_002_LoginTest******* 
11:52:39.910 [main] INFO  testCases.TC_002_LoginTest - *****finished TC_002_LoginTest******* 
