13:38:33.678 [TestNG-tests-3] INFO  testCases.TC_001_AccountRegistrationTest - clicked on registration link
13:38:33.687 [TestNG-tests-3] INFO  testCases.TC_001_AccountRegistrationTest - entering customer details
13:38:34.095 [TestNG-tests-3] ERROR testCases.TC_001_AccountRegistrationTest - test failed..
13:38:34.096 [TestNG-tests-3] INFO  testCases.TC_001_AccountRegistrationTest - ****************finished  TC_001_AccountRegistrationTest***********
14:28:14.995 [main] INFO  testCases.TC_001_AccountRegistrationTest - ****************starting TC_001_AccountRegistrationTest***********
14:28:15.074 [main] INFO  testCases.TC_001_AccountRegistrationTest - clicked on MyAccount link
14:28:16.401 [main] INFO  testCases.TC_001_AccountRegistrationTest - clicked on registration link
14:28:16.401 [main] INFO  testCases.TC_001_AccountRegistrationTest - entering customer details
14:28:16.893 [main] ERROR testCases.TC_001_AccountRegistrationTest - test failed..
14:28:16.893 [main] INFO  testCases.TC_001_AccountRegistrationTest - ****************finished  TC_001_AccountRegistrationTest***********
17:46:36.605 [main] INFO  testCases.TC_002_LoginTest - *****starting TC_002_LoginTest******* 
17:46:38.008 [main] INFO  testCases.TC_002_LoginTest - *****finished TC_002_LoginTest******* 
17:49:41.216 [main] INFO  org.testng.internal.Utils - [TestNG] Running:
  C:\workspace\javaWorkspace\openCart\master.xml

17:49:45.285 [main] INFO  testCases.TC_002_LoginTest - *****starting TC_002_LoginTest******* 
17:49:46.764 [main] INFO  testCases.TC_002_LoginTest - *****finished TC_002_LoginTest******* 
12:31:33.353 [main] INFO  org.testng.internal.Utils - [TestNG] Running:
  C:\workspace\javaWorkspace\openCart\master.xml

12:32:03.968 [main] INFO  testCases.TC_003_LoginDDT - ******starting TC_003_LoginDDT*****
12:32:05.972 [main] INFO  testCases.TC_003_LoginDDT - ******starting TC_003_LoginDDT*****
12:32:06.954 [main] INFO  testCases.TC_003_LoginDDT - ******starting TC_003_LoginDDT*****
12:32:08.352 [main] INFO  testCases.TC_003_LoginDDT - ******starting TC_003_LoginDDT*****
12:34:38.196 [main] INFO  org.testng.internal.Utils - [TestNG] Running:
  C:\workspace\javaWorkspace\openCart\master.xml

12:34:42.847 [main] INFO  testCases.TC_003_LoginDDT - ******starting TC_003_LoginDDT*****
12:34:44.547 [main] INFO  testCases.TC_003_LoginDDT - ******starting TC_003_LoginDDT*****
12:34:46.261 [main] INFO  testCases.TC_003_LoginDDT - ******starting TC_003_LoginDDT*****
12:34:47.730 [main] INFO  testCases.TC_003_LoginDDT - ******starting TC_003_LoginDDT*****
12:38:26.247 [main] INFO  org.testng.internal.Utils - [TestNG] Running:
  C:\workspace\javaWorkspace\openCart\master.xml

12:38:37.840 [main] INFO  testCases.TC_003_LoginDDT - ******starting TC_003_LoginDDT*****
12:38:40.036 [main] INFO  testCases.TC_003_LoginDDT - ******starting TC_003_LoginDDT*****
12:38:40.125 [main] INFO  testCases.TC_003_LoginDDT - ******starting TC_003_LoginDDT*****
12:38:40.212 [main] INFO  testCases.TC_003_LoginDDT - ******starting TC_003_LoginDDT*****
12:39:39.175 [main] INFO  org.testng.internal.Utils - [TestNG] Running:
  C:\workspace\javaWorkspace\openCart\master.xml

12:39:44.125 [main] INFO  testCases.TC_003_LoginDDT - ******starting TC_003_LoginDDT*****
12:39:46.282 [main] INFO  testCases.TC_003_LoginDDT - ******starting TC_003_LoginDDT*****
12:39:46.449 [main] INFO  testCases.TC_003_LoginDDT - ******starting TC_003_LoginDDT*****
12:39:46.620 [main] INFO  testCases.TC_003_LoginDDT - ******starting TC_003_LoginDDT*****
12:40:57.078 [main] INFO  org.testng.internal.Utils - [TestNG] Running:
  C:\workspace\javaWorkspace\openCart\master.xml

12:41:01.881 [main] INFO  testCases.TC_003_LoginDDT - ******starting TC_003_LoginDDT*****
12:41:04.034 [main] INFO  testCases.TC_003_LoginDDT - ******starting TC_003_LoginDDT*****
12:41:04.203 [main] INFO  testCases.TC_003_LoginDDT - ******starting TC_003_LoginDDT*****
12:41:04.357 [main] INFO  testCases.TC_003_LoginDDT - ******starting TC_003_LoginDDT*****
12:48:06.017 [main] INFO  org.testng.internal.Utils - [TestNG] Running:
  C:\workspace\javaWorkspace\openCart\master.xml

12:48:12.655 [main] INFO  testCases.TC_003_LoginDDT - ******starting TC_003_LoginDDT*****
12:48:15.017 [main] INFO  testCases.TC_003_LoginDDT - ******starting TC_003_LoginDDT*****
12:48:15.115 [main] INFO  testCases.TC_003_LoginDDT - ******starting TC_003_LoginDDT*****
12:48:15.199 [main] INFO  testCases.TC_003_LoginDDT - ******starting TC_003_LoginDDT*****
12:49:25.101 [main] INFO  org.testng.internal.Utils - [TestNG] Running:
  C:\workspace\javaWorkspace\openCart\master.xml

12:49:43.933 [main] INFO  testCases.TC_003_LoginDDT - ******starting TC_003_LoginDDT*****
12:49:46.230 [main] INFO  testCases.TC_003_LoginDDT - ******starting TC_003_LoginDDT*****
12:49:51.581 [main] INFO  testCases.TC_003_LoginDDT - ******starting TC_003_LoginDDT*****
12:49:58.802 [main] INFO  testCases.TC_003_LoginDDT - ******starting TC_003_LoginDDT*****
